<?xml version="1.0" encoding="UTF-8"?>
<!-- Generated by org.testng.reporters.JUnitXMLReporter -->
<testsuite ignored="1" hostname="TYSS-Akash-Deb" failures="1" tests="20" name="Test-Runner-1" time="0.287" errors="0" timestamp="2024-01-22T15:29:49 IST">
  <testcase classname="testng.FlipkartTest4" name="login" time="0.017"/>
  <testcase classname="testng.FlipkartTest4" name="selectProduct" time="0.004"/>
  <testcase classname="testng.FlipkartTest4" name="selectProduct" time="0.002"/>
  <testcase classname="testng.FlipkartTest4" name="selectProduct" time="0.004"/>
  <testcase classname="testng.FlipkartTest4" name="addToCart" time="0.005"/>
  <testcase classname="testng.FlipkartTest4" name="logout" time="0.003"/>
  <testcase classname="testng.FlipkartTest5" name="selectProduct" time="0.003"/>
  <testcase classname="testng.FlipkartTest5" name="selectProduct" time="0.002"/>
  <testcase classname="testng.FlipkartTest5" name="selectProduct" time="0.002"/>
  <testcase classname="testng.FlipkartTest" name="login" time="0.003"/>
  <testcase classname="testng.FlipkartTest" name="selectProduct" time="0.002"/>
  <testcase classname="testng.FlipkartTest" name="addToCart" time="0.002"/>
  <testcase classname="testng.FlipkartTest" name="logout" time="0.003"/>
  <testcase classname="testng.FlipkartTest2" name="login" time="0.002"/>
  <testcase classname="testng.FlipkartTest2" name="selectProduct" time="0.002"/>
  <testcase classname="testng.FlipkartTest2" name="addToCart" time="0.002"/>
  <testcase classname="testng.FlipkartTest3" name="login" time="0.002"/>
  <testcase classname="testng.FlipkartTest3" name="selectProduct" time="0.008">
    <failure type="java.lang.AssertionError" message="null">
      <![CDATA[java.lang.AssertionError: null
at testng.FlipkartTest3.selectProduct(FlipkartTest3.java:23)
at java.base/java.util.ArrayList.forEach(ArrayList.java:1511)
... Removed 29 stack frames]]>
    </failure>
  </testcase> <!-- selectProduct -->
  <testcase classname="testng.FlipkartTest3" name="addToCart" time="0.0">
    <skipped/>
  </testcase> <!-- addToCart -->
  <testcase classname="testng.FlipkartTest3" name="logout" time="0.002"/>
  <testcase classname="testng.FlipkartTest2" name="logout" time="0.0">
    <ignored/>
  </testcase> <!-- logout -->
</testsuite> <!-- Test-Runner-1 -->
