<?xml version="1.0" encoding="UTF-8"?>
<!-- Generated by org.testng.reporters.JUnitReportReporter -->
<testsuite hostname="TYSS-Akash-Deb" failures="0" tests="3" name="testng.TestGoogleInMultipleBrowsers" time="25.785" errors="0" timestamp="2024-01-22T16:18:12 IST" skipped="0">
  <testcase classname="testng.TestGoogleInMultipleBrowsers" name="test" time="12.141"/>
  <testcase classname="testng.TestGoogleInMultipleBrowsers" name="test" time="7.717"/>
  <testcase classname="testng.TestGoogleInMultipleBrowsers" name="test" time="5.927"/>
</testsuite> <!-- testng.TestGoogleInMultipleBrowsers -->
