<?xml version="1.0" encoding="UTF-8"?>
<!-- Generated by org.testng.reporters.JUnitReportReporter -->
<testsuite hostname="TYSS-Akash-Deb" failures="0" tests="3" name="testng.FlipkartTest5" time="0.007" errors="0" timestamp="2024-01-22T15:29:50 IST" skipped="0">
  <testcase classname="testng.FlipkartTest5" name="selectProduct" time="0.003"/>
  <testcase classname="testng.FlipkartTest5" name="selectProduct" time="0.002"/>
  <testcase classname="testng.FlipkartTest5" name="selectProduct" time="0.002"/>
</testsuite> <!-- testng.FlipkartTest5 -->
