<?xml version="1.0" encoding="UTF-8"?>
<!-- Generated by org.testng.reporters.JUnitReportReporter -->
<testsuite hostname="TYSS-Akash-Deb" failures="0" tests="5" name="testng.Demo2" time="0.010" errors="0" timestamp="2024-02-01T18:19:07 IST" skipped="0">
  <testcase classname="testng.Demo2" name="wakeUp" time="0.006"/>
  <testcase classname="testng.Demo2" name="brushYourTeeth" time="0.001"/>
  <testcase classname="testng.Demo2" name="breakfast" time="0.001"/>
  <testcase classname="testng.Demo2" name="breakfast" time="0.001"/>
  <testcase classname="testng.Demo2" name="office" time="0.001"/>
</testsuite> <!-- testng.Demo2 -->
