<?xml version="1.0" encoding="UTF-8"?>
<!-- Generated by org.testng.reporters.JUnitReportReporter -->
<testsuite hostname="TYSS-Akash-Deb" failures="0" tests="6" name="testng.FlipkartTest4" time="0.035" errors="0" timestamp="2024-01-22T15:29:50 IST" skipped="0">
  <testcase classname="testng.FlipkartTest4" name="login" time="0.017"/>
  <testcase classname="testng.FlipkartTest4" name="selectProduct" time="0.004"/>
  <testcase classname="testng.FlipkartTest4" name="selectProduct" time="0.002"/>
  <testcase classname="testng.FlipkartTest4" name="selectProduct" time="0.004"/>
  <testcase classname="testng.FlipkartTest4" name="addToCart" time="0.005"/>
  <testcase classname="testng.FlipkartTest4" name="logout" time="0.003"/>
</testsuite> <!-- testng.FlipkartTest4 -->
