<?xml version="1.0" encoding="UTF-8"?>
<!-- Generated by org.testng.reporters.JUnitReportReporter -->
<testsuite hostname="TYSS-Akash-Deb" failures="0" tests="3" name="testng.Demo" time="0.009" errors="0" timestamp="2024-02-01T18:01:34 IST" skipped="0">
  <testcase classname="testng.Demo" name="akash" time="0.007"/>
  <testcase classname="testng.Demo" name="rohan" time="0.001"/>
  <testcase classname="testng.Demo" name="jitesh" time="0.001"/>
</testsuite> <!-- testng.Demo -->
