<?xml version="1.0" encoding="UTF-8"?>
<!-- Generated by org.testng.reporters.JUnitReportReporter -->
<testsuite hostname="TYSS-Akash-Deb" failures="0" tests="4" name="testng.FlipkartTest2" time="0.006" errors="0" timestamp="2024-01-22T15:29:50 IST" skipped="1">
  <testcase classname="testng.FlipkartTest2" name="login" time="0.002"/>
  <testcase classname="testng.FlipkartTest2" name="selectProduct" time="0.002"/>
  <testcase classname="testng.FlipkartTest2" name="addToCart" time="0.002"/>
  <testcase classname="testng.FlipkartTest2" name="logout">
    <skipped/>
  </testcase> <!-- logout -->
</testsuite> <!-- testng.FlipkartTest2 -->
