<?xml version="1.0" encoding="UTF-8"?>
<!-- Generated by org.testng.reporters.JUnitReportReporter -->
<testsuite hostname="TYSS-Akash-Deb" failures="0" tests="1" name="testng.GoogleTest" time="6.138" errors="0" timestamp="2024-01-22T15:57:46 IST" skipped="0">
  <testcase classname="testng.GoogleTest" name="googleTest" time="6.138"/>
</testsuite> <!-- testng.GoogleTest -->
