<?xml version="1.0" encoding="UTF-8"?>
<!-- Generated by org.testng.reporters.JUnitReportReporter -->
<testsuite hostname="TYSS-Akash-Deb" failures="0" tests="2" name="testng.HardAssertion" time="0.018" errors="0" timestamp="2024-01-23T16:12:24 IST" skipped="0">
  <testcase classname="testng.HardAssertion" name="demo1" time="0.001"/>
  <testcase classname="testng.HardAssertion" name="demo" time="0.017"/>
</testsuite> <!-- testng.HardAssertion -->
