<?xml version="1.0" encoding="UTF-8"?>
<!-- Generated by org.testng.reporters.JUnitReportReporter -->
<testsuite hostname="TYSS-Akash-Deb" failures="0" tests="2" name="testng.BaseClass" time="0.013" errors="0" timestamp="2024-01-23T15:54:41 IST" skipped="0">
  <testcase classname="testng.BaseClass" name="test2" time="0.003"/>
  <testcase classname="testng.BaseClass" name="test1" time="0.010"/>
</testsuite> <!-- testng.BaseClass -->
