<?xml version="1.0" encoding="UTF-8"?>
<!-- Generated by org.testng.reporters.JUnitReportReporter -->
<testsuite hostname="TYSS-Akash-Deb" failures="0" tests="4" name="testng.FlipkartTest" time="0.009" errors="0" timestamp="2024-02-01T17:54:04 IST" skipped="0">
  <testcase classname="testng.FlipkartTest" name="login" time="0.007"/>
  <testcase classname="testng.FlipkartTest" name="selectProduct" time="0.001"/>
  <testcase classname="testng.FlipkartTest" name="addToCart" time="0.001"/>
  <testcase classname="testng.FlipkartTest" name="logout" time="0.000"/>
</testsuite> <!-- testng.FlipkartTest -->
