<?xml version="1.0" encoding="UTF-8"?>
<!-- Generated by org.testng.reporters.JUnitReportReporter -->
<testsuite hostname="TYSS-Akash-Deb" failures="0" tests="1" name="opportunities_module.CreateOpportunitiesTest" time="18.592" errors="0" timestamp="24 Jan 2024 07:13:24 GMT" skipped="0">
  <testcase classname="opportunities_module.CreateOpportunitiesTest" name="createOpportunitiesWithOrganizationNameAndCampaignNameAndVerifyTest" time="18.592"/>
</testsuite> <!-- opportunities_module.CreateOpportunitiesTest -->
