<?xml version="1.0" encoding="UTF-8"?>
<!-- Generated by org.testng.reporters.JUnitReportReporter -->
<testsuite hostname="TYSS-Akash-Deb" failures="0" tests="1" name="leads_module.ToCreateALeadTest" time="8.020" errors="0" timestamp="24 Jan 2024 07:13:24 GMT" skipped="0">
  <testcase classname="leads_module.ToCreateALeadTest" name="toCreateALeadAndToVerifyTheLeadDetails" time="8.020"/>
</testsuite> <!-- leads_module.ToCreateALeadTest -->
